[2023-11-17 10:32:36] [INFO]    [OmnipathR] Welcome to OmnipathR!
[2023-11-17 10:32:36] [TRACE]   [OmnipathR] Reading JSON from `/home/kvalem/.cache/OmnipathR/cache.json` (encoding: UTF-8).
[2023-11-17 10:32:36] [TRACE]   [OmnipathR] JSON validation successful: TRUE
[2023-11-17 10:32:36] [INFO]    [OmnipathR] Initialized cache: `/home/kvalem/.cache/OmnipathR`.
[2023-11-17 10:32:36] [TRACE]   [OmnipathR] Reading JSON from `/usr/local/bioinf/R/R-4.2.3/lib64/R/library/OmnipathR/db/db_def.json` (encoding: UTF-8).
[2023-11-17 10:32:36] [TRACE]   [OmnipathR] JSON validation successful: TRUE
[2023-11-17 10:32:36] [TRACE]   [OmnipathR] Reading JSON from `/usr/local/bioinf/R/R-4.2.3/lib64/R/library/OmnipathR/internal/magic_bytes.json` (encoding: UTF-8).
[2023-11-17 10:32:36] [TRACE]   [OmnipathR] JSON validation successful: TRUE
[2023-11-17 10:32:36] [TRACE]   [OmnipathR] Reading JSON from `/usr/local/bioinf/R/R-4.2.3/lib64/R/library/OmnipathR/internal/urls.json` (encoding: UTF-8).
[2023-11-17 10:32:36] [TRACE]   [OmnipathR] JSON validation successful: TRUE
[2023-11-17 10:32:36] [TRACE]   [OmnipathR] Reading JSON from `/usr/local/bioinf/R/R-4.2.3/lib64/R/library/OmnipathR/internal/id_types.json` (encoding: UTF-8).
[2023-11-17 10:32:36] [TRACE]   [OmnipathR] JSON validation successful: TRUE
[2023-11-17 10:33:07] [INFO]    [OmnipathR] Loading database `Ensembl and OMA organism names`.
[2023-11-17 10:33:07] [INFO]    [OmnipathR] Looking up in cache `https://www.ensembl.org/info/about/species.html`: key=7332486db7400730697234bad76ca0c8e4d00799, latest version=1.
[2023-11-17 10:33:07] [TRACE]   [OmnipathR] Cache file path: /home/kvalem/.cache/OmnipathR/7332486db7400730697234bad76ca0c8e4d00799-1.html
[2023-11-17 10:33:07] [TRACE]   [OmnipathR] Looking up in cache: `https://omabrowser.org/All/oma-species.txt`.
[2023-11-17 10:33:07] [TRACE]   [OmnipathR] Loaded data from RDS `/home/kvalem/.cache/OmnipathR/30e690cbb55dfc63b5903ab337f34ffc2f4be397-1.rds`.
[2023-11-17 10:33:07] [INFO]    [OmnipathR] Loaded database `Ensembl and OMA organism names`.
[2023-11-17 10:33:07] [TRACE]   [OmnipathR] Looking up in cache: `https://omnipathdb.org/interactions?genesymbols=yes&datasets=dorothea&organisms=9606&dorothea_levels=A,B,C,D&fields=evidences,sources,references,curation_effort,dorothea_level&license=academic`
[2023-11-17 10:33:14] [TRACE]   [OmnipathR] Loaded data from RDS `/home/kvalem/.cache/OmnipathR/2acacccd183a8fe4538b649c1e593e2140fcddf6-1.rds`.
[2023-11-17 10:33:14] [INFO]    [OmnipathR] Loaded from cache: `https://omnipathdb.org/interactions?genesymbols=yes&datasets=dorothea&organisms=9606&dorothea_levels=A,B,C,D&fields=evidences,sources,references,curation_effort,dorothea_level&license=academic`
[2023-11-17 10:33:14] [TRACE]   [OmnipathR] Converting JSON column `evidences` to list.
[2023-11-17 10:38:29] [TRACE]   [OmnipathR] Looking up in cache: `https://omnipathdb.org/interactions?genesymbols=yes&datasets=dorothea&organisms=9606&dorothea_levels=A,B,C,D&fields=evidences,sources,references,curation_effort,dorothea_level&license=academic`
[2023-11-17 10:38:31] [TRACE]   [OmnipathR] Loaded data from RDS `/home/kvalem/.cache/OmnipathR/2acacccd183a8fe4538b649c1e593e2140fcddf6-1.rds`.
[2023-11-17 10:38:31] [INFO]    [OmnipathR] Loaded from cache: `https://omnipathdb.org/interactions?genesymbols=yes&datasets=dorothea&organisms=9606&dorothea_levels=A,B,C,D&fields=evidences,sources,references,curation_effort,dorothea_level&license=academic`
[2023-11-17 10:38:31] [TRACE]   [OmnipathR] Converting JSON column `evidences` to list.
[2023-11-17 10:39:07] [TRACE]   [OmnipathR] Restricting interaction records to datasets: dorothea; and resources: any
[2023-11-17 10:39:57] [TRACE]   [OmnipathR] Filtering evidence columns: positive, negative, directed, undirected; to datasets: dorothea; and resources: any
[2023-11-17 10:50:09] [SUCCESS] [OmnipathR] Downloaded 278830 interactions.
[2023-11-17 13:38:33] [TRACE]   [OmnipathR] Removing database `Ensembl and OMA organism names` (not used in the past 10800 seconds)
