[2023-11-24 08:52:24] [INFO]    [OmnipathR] Welcome to OmnipathR!
[2023-11-24 08:52:24] [TRACE]   [OmnipathR] Reading JSON from `/home/kvalem/.cache/OmnipathR/cache.json` (encoding: UTF-8).
[2023-11-24 08:52:24] [TRACE]   [OmnipathR] JSON validation successful: TRUE
[2023-11-24 08:52:24] [INFO]    [OmnipathR] Initialized cache: `/home/kvalem/.cache/OmnipathR`.
[2023-11-24 08:52:24] [TRACE]   [OmnipathR] Reading JSON from `/usr/local/bioinf/R/R-4.2.3/lib64/R/library/OmnipathR/db/db_def.json` (encoding: UTF-8).
[2023-11-24 08:52:24] [TRACE]   [OmnipathR] JSON validation successful: TRUE
[2023-11-24 08:52:24] [TRACE]   [OmnipathR] Reading JSON from `/usr/local/bioinf/R/R-4.2.3/lib64/R/library/OmnipathR/internal/magic_bytes.json` (encoding: UTF-8).
[2023-11-24 08:52:24] [TRACE]   [OmnipathR] JSON validation successful: TRUE
[2023-11-24 08:52:25] [TRACE]   [OmnipathR] Reading JSON from `/usr/local/bioinf/R/R-4.2.3/lib64/R/library/OmnipathR/internal/urls.json` (encoding: UTF-8).
[2023-11-24 08:52:25] [TRACE]   [OmnipathR] JSON validation successful: TRUE
[2023-11-24 08:52:25] [TRACE]   [OmnipathR] Reading JSON from `/usr/local/bioinf/R/R-4.2.3/lib64/R/library/OmnipathR/internal/id_types.json` (encoding: UTF-8).
[2023-11-24 08:52:25] [TRACE]   [OmnipathR] JSON validation successful: TRUE
[2023-11-24 09:02:29] [INFO]    [OmnipathR] Loading database `Ensembl and OMA organism names`.
[2023-11-24 09:02:29] [INFO]    [OmnipathR] Looking up in cache `https://www.ensembl.org/info/about/species.html`: key=7332486db7400730697234bad76ca0c8e4d00799, latest version=1.
[2023-11-24 09:02:29] [TRACE]   [OmnipathR] Cache file path: /home/kvalem/.cache/OmnipathR/7332486db7400730697234bad76ca0c8e4d00799-1.html
[2023-11-24 09:02:29] [TRACE]   [OmnipathR] Looking up in cache: `https://omabrowser.org/All/oma-species.txt`.
[2023-11-24 09:02:29] [TRACE]   [OmnipathR] Loaded data from RDS `/home/kvalem/.cache/OmnipathR/30e690cbb55dfc63b5903ab337f34ffc2f4be397-1.rds`.
[2023-11-24 09:02:29] [INFO]    [OmnipathR] Loaded database `Ensembl and OMA organism names`.
[2023-11-24 09:02:29] [TRACE]   [OmnipathR] Looking up in cache: `https://omnipathdb.org/interactions?genesymbols=yes&datasets=dorothea&organisms=9606&dorothea_levels=A,B,C,D&fields=evidences,sources,references,curation_effort,dorothea_level&license=academic`
[2023-11-24 09:02:34] [TRACE]   [OmnipathR] Loaded data from RDS `/home/kvalem/.cache/OmnipathR/2acacccd183a8fe4538b649c1e593e2140fcddf6-1.rds`.
[2023-11-24 09:02:34] [INFO]    [OmnipathR] Loaded from cache: `https://omnipathdb.org/interactions?genesymbols=yes&datasets=dorothea&organisms=9606&dorothea_levels=A,B,C,D&fields=evidences,sources,references,curation_effort,dorothea_level&license=academic`
[2023-11-24 09:02:34] [TRACE]   [OmnipathR] Converting JSON column `evidences` to list.
[2023-11-24 09:03:09] [TRACE]   [OmnipathR] Restricting interaction records to datasets: dorothea; and resources: any
[2023-11-24 09:03:45] [TRACE]   [OmnipathR] Filtering evidence columns: positive, negative, directed, undirected; to datasets: dorothea; and resources: any
[2023-11-24 09:13:51] [SUCCESS] [OmnipathR] Downloaded 278830 interactions.
[2023-11-24 12:02:34] [TRACE]   [OmnipathR] Removing database `Ensembl and OMA organism names` (not used in the past 10800 seconds)
[2023-11-27 14:14:57] [INFO]    [OmnipathR] Loading database `Ensembl and OMA organism names`.
[2023-11-27 14:14:57] [INFO]    [OmnipathR] Looking up in cache `https://www.ensembl.org/info/about/species.html`: key=7332486db7400730697234bad76ca0c8e4d00799, latest version=1.
[2023-11-27 14:14:57] [TRACE]   [OmnipathR] Cache file path: /home/kvalem/.cache/OmnipathR/7332486db7400730697234bad76ca0c8e4d00799-1.html
[2023-11-27 14:14:58] [TRACE]   [OmnipathR] Looking up in cache: `https://omabrowser.org/All/oma-species.txt`.
[2023-11-27 14:14:58] [TRACE]   [OmnipathR] Loaded data from RDS `/home/kvalem/.cache/OmnipathR/30e690cbb55dfc63b5903ab337f34ffc2f4be397-1.rds`.
[2023-11-27 14:14:58] [INFO]    [OmnipathR] Loaded database `Ensembl and OMA organism names`.
[2023-11-27 14:14:58] [TRACE]   [OmnipathR] Looking up in cache: `https://omnipathdb.org/interactions?genesymbols=yes&datasets=dorothea&organisms=9606&dorothea_levels=A,B,C,D&fields=evidences,sources,references,curation_effort,dorothea_level&license=academic`
[2023-11-27 14:15:00] [TRACE]   [OmnipathR] Loaded data from RDS `/home/kvalem/.cache/OmnipathR/2acacccd183a8fe4538b649c1e593e2140fcddf6-1.rds`.
[2023-11-27 14:15:00] [INFO]    [OmnipathR] Loaded from cache: `https://omnipathdb.org/interactions?genesymbols=yes&datasets=dorothea&organisms=9606&dorothea_levels=A,B,C,D&fields=evidences,sources,references,curation_effort,dorothea_level&license=academic`
[2023-11-27 14:15:00] [TRACE]   [OmnipathR] Converting JSON column `evidences` to list.
[2023-11-27 14:15:38] [TRACE]   [OmnipathR] Restricting interaction records to datasets: dorothea; and resources: any
[2023-11-27 14:16:18] [TRACE]   [OmnipathR] Filtering evidence columns: positive, negative, directed, undirected; to datasets: dorothea; and resources: any
[2023-11-27 14:26:40] [SUCCESS] [OmnipathR] Downloaded 278830 interactions.
[2023-11-27 17:15:02] [TRACE]   [OmnipathR] Removing database `Ensembl and OMA organism names` (not used in the past 10800 seconds)
[2023-11-30 09:44:50] [INFO]    [OmnipathR] Loading database `Ensembl and OMA organism names`.
[2023-11-30 09:44:50] [INFO]    [OmnipathR] Looking up in cache `https://www.ensembl.org/info/about/species.html`: key=7332486db7400730697234bad76ca0c8e4d00799, latest version=1.
[2023-11-30 09:44:50] [TRACE]   [OmnipathR] Cache file path: /home/kvalem/.cache/OmnipathR/7332486db7400730697234bad76ca0c8e4d00799-1.html
[2023-11-30 09:44:51] [TRACE]   [OmnipathR] Looking up in cache: `https://omabrowser.org/All/oma-species.txt`.
[2023-11-30 09:44:51] [TRACE]   [OmnipathR] Loaded data from RDS `/home/kvalem/.cache/OmnipathR/30e690cbb55dfc63b5903ab337f34ffc2f4be397-1.rds`.
[2023-11-30 09:44:51] [INFO]    [OmnipathR] Loaded database `Ensembl and OMA organism names`.
[2023-11-30 09:44:51] [TRACE]   [OmnipathR] Looking up in cache: `https://omnipathdb.org/interactions?genesymbols=yes&datasets=dorothea&organisms=9606&dorothea_levels=A,B,C,D&fields=evidences,sources,references,curation_effort,dorothea_level&license=academic`
[2023-11-30 09:44:53] [TRACE]   [OmnipathR] Loaded data from RDS `/home/kvalem/.cache/OmnipathR/2acacccd183a8fe4538b649c1e593e2140fcddf6-1.rds`.
[2023-11-30 09:44:53] [INFO]    [OmnipathR] Loaded from cache: `https://omnipathdb.org/interactions?genesymbols=yes&datasets=dorothea&organisms=9606&dorothea_levels=A,B,C,D&fields=evidences,sources,references,curation_effort,dorothea_level&license=academic`
[2023-11-30 09:44:53] [TRACE]   [OmnipathR] Converting JSON column `evidences` to list.
[2023-11-30 09:45:24] [TRACE]   [OmnipathR] Restricting interaction records to datasets: dorothea; and resources: any
[2023-11-30 09:45:55] [TRACE]   [OmnipathR] Filtering evidence columns: positive, negative, directed, undirected; to datasets: dorothea; and resources: any
[2023-11-30 09:55:47] [SUCCESS] [OmnipathR] Downloaded 278830 interactions.
[2023-11-30 12:45:01] [TRACE]   [OmnipathR] Removing database `Ensembl and OMA organism names` (not used in the past 10800 seconds)
