[2023-11-14 16:04:46] [INFO]    [OmnipathR] Welcome to OmnipathR!
[2023-11-14 16:04:46] [INFO]    [OmnipathR] Setting up new cache directory `/home/kvalem/.cache/OmnipathR`.
[2023-11-14 16:04:46] [TRACE]   [OmnipathR] Reading JSON from `/home/kvalem/.cache/OmnipathR/cache.json` (encoding: UTF-8).
[2023-11-14 16:04:46] [TRACE]   [OmnipathR] JSON validation successful: TRUE
[2023-11-14 16:04:46] [INFO]    [OmnipathR] Initialized cache: `/home/kvalem/.cache/OmnipathR`.
[2023-11-14 16:04:46] [TRACE]   [OmnipathR] Reading JSON from `/usr/local/bioinf/R/R-4.2.3/lib64/R/library/OmnipathR/db/db_def.json` (encoding: UTF-8).
[2023-11-14 16:04:46] [TRACE]   [OmnipathR] JSON validation successful: TRUE
[2023-11-14 16:04:46] [TRACE]   [OmnipathR] Reading JSON from `/usr/local/bioinf/R/R-4.2.3/lib64/R/library/OmnipathR/internal/magic_bytes.json` (encoding: UTF-8).
[2023-11-14 16:04:46] [TRACE]   [OmnipathR] JSON validation successful: TRUE
[2023-11-14 16:04:46] [TRACE]   [OmnipathR] Reading JSON from `/usr/local/bioinf/R/R-4.2.3/lib64/R/library/OmnipathR/internal/urls.json` (encoding: UTF-8).
[2023-11-14 16:04:46] [TRACE]   [OmnipathR] JSON validation successful: TRUE
[2023-11-14 16:04:46] [TRACE]   [OmnipathR] Reading JSON from `/usr/local/bioinf/R/R-4.2.3/lib64/R/library/OmnipathR/internal/id_types.json` (encoding: UTF-8).
[2023-11-14 16:04:46] [TRACE]   [OmnipathR] JSON validation successful: TRUE
[2023-11-14 16:04:46] [TRACE]   [OmnipathR] Reading JSON from `https://omnipathdb.org/resources` (encoding: UTF-8).
[2023-11-14 16:04:46] [TRACE]   [OmnipathR] JSON validation successful: TRUE
[2023-11-14 16:04:46] [INFO]    [OmnipathR] Loading database `Ensembl and OMA organism names`.
[2023-11-14 16:04:46] [TRACE]   [OmnipathR] Reading JSON from `/home/kvalem/.cache/OmnipathR/cache.json` (encoding: UTF-8).
[2023-11-14 16:04:46] [TRACE]   [OmnipathR] JSON validation successful: TRUE
[2023-11-14 16:04:46] [INFO]    [OmnipathR] Looking up in cache `https://www.ensembl.org/info/about/species.html`: key=7332486db7400730697234bad76ca0c8e4d00799, no version available.
[2023-11-14 16:04:46] [TRACE]   [OmnipathR] Reading JSON from `/home/kvalem/.cache/OmnipathR/cache.json` (encoding: UTF-8).
[2023-11-14 16:04:46] [TRACE]   [OmnipathR] JSON validation successful: TRUE
[2023-11-14 16:04:46] [INFO]    [OmnipathR] Created new version for cache record 7332486db7400730697234bad76ca0c8e4d00799: version 1.
[2023-11-14 16:04:46] [TRACE]   [OmnipathR] Cache file path: /home/kvalem/.cache/OmnipathR/7332486db7400730697234bad76ca0c8e4d00799-1.html
[2023-11-14 16:04:46] [INFO]    [OmnipathR] Retrieving URL: `https://www.ensembl.org/info/about/species.html`
[2023-11-14 16:04:46] [TRACE]   [OmnipathR] Attempt 1/3: `https://www.ensembl.org/info/about/species.html`
[2023-11-14 16:04:47] [TRACE]   [OmnipathR] HTTP 200
[2023-11-14 16:04:47] [INFO]    [OmnipathR] Download ready [key=7332486db7400730697234bad76ca0c8e4d00799, version=1]
[2023-11-14 16:04:47] [TRACE]   [OmnipathR] Reading JSON from `/home/kvalem/.cache/OmnipathR/cache.json` (encoding: UTF-8).
[2023-11-14 16:04:47] [TRACE]   [OmnipathR] JSON validation successful: TRUE
[2023-11-14 16:04:47] [INFO]    [OmnipathR] Cache item `7332486db7400730697234bad76ca0c8e4d00799` version 1: status changed from `unknown` to `ready`.
[2023-11-14 16:04:47] [TRACE]   [OmnipathR] Looking up in cache: `https://omabrowser.org/All/oma-species.txt`.
[2023-11-14 16:04:47] [INFO]    [OmnipathR] Cache record does not exist: `https://omabrowser.org/All/oma-species.txt`
[2023-11-14 16:04:47] [TRACE]   [OmnipathR] Could not find in cache, initiating download: `https://omabrowser.org/All/oma-species.txt`.
[2023-11-14 16:04:47] [TRACE]   [OmnipathR] Reading JSON from `/home/kvalem/.cache/OmnipathR/cache.json` (encoding: UTF-8).
[2023-11-14 16:04:47] [TRACE]   [OmnipathR] JSON validation successful: TRUE
[2023-11-14 16:04:48] [TRACE]   [OmnipathR] Reading JSON from `/home/kvalem/.cache/OmnipathR/cache.json` (encoding: UTF-8).
[2023-11-14 16:04:48] [TRACE]   [OmnipathR] JSON validation successful: TRUE
[2023-11-14 16:04:48] [INFO]    [OmnipathR] Cache item `30e690cbb55dfc63b5903ab337f34ffc2f4be397` version 1: status changed from `unknown` to `started`.
[2023-11-14 16:04:48] [TRACE]   [OmnipathR] Exporting object to RDS: `/home/kvalem/.cache/OmnipathR/30e690cbb55dfc63b5903ab337f34ffc2f4be397-1.rds`.
[2023-11-14 16:04:48] [INFO]    [OmnipathR] Retrieving URL: `https://omabrowser.org/All/oma-species.txt`
[2023-11-14 16:04:48] [TRACE]   [OmnipathR] Attempt 1/3: `https://omabrowser.org/All/oma-species.txt`
[2023-11-14 16:04:49] [TRACE]   [OmnipathR] Exported RDS to `/home/kvalem/.cache/OmnipathR/30e690cbb55dfc63b5903ab337f34ffc2f4be397-1.rds`.
[2023-11-14 16:04:49] [INFO]    [OmnipathR] Download ready [key=30e690cbb55dfc63b5903ab337f34ffc2f4be397, version=1]
[2023-11-14 16:04:49] [TRACE]   [OmnipathR] Reading JSON from `/home/kvalem/.cache/OmnipathR/cache.json` (encoding: UTF-8).
[2023-11-14 16:04:49] [TRACE]   [OmnipathR] JSON validation successful: TRUE
[2023-11-14 16:04:49] [INFO]    [OmnipathR] Cache item `30e690cbb55dfc63b5903ab337f34ffc2f4be397` version 1: status changed from `started` to `ready`.
[2023-11-14 16:04:49] [INFO]    [OmnipathR] Loaded database `Ensembl and OMA organism names`.
[2023-11-14 16:04:50] [TRACE]   [OmnipathR] Reading JSON from `https://omnipathdb.org/resources` (encoding: UTF-8).
[2023-11-14 16:04:50] [TRACE]   [OmnipathR] JSON validation successful: TRUE
[2023-11-14 16:04:50] [TRACE]   [OmnipathR] Looking up in cache: `https://omnipathdb.org/annotations?resources=PROGENy&license=academic`
[2023-11-14 16:04:50] [INFO]    [OmnipathR] Cache record does not exist: `https://omnipathdb.org/annotations?resources=PROGENy&license=academic`
[2023-11-14 16:04:50] [TRACE]   [OmnipathR] Looking up in cache: `http://no-tls.omnipathdb.org/annotations?resources=PROGENy&license=academic`
[2023-11-14 16:04:50] [INFO]    [OmnipathR] Cache record does not exist: `http://no-tls.omnipathdb.org/annotations?resources=PROGENy&license=academic`
[2023-11-14 16:04:50] [TRACE]   [OmnipathR] Attempting `https://omnipathdb.org/annotations?resources=PROGENy&license=academic`
[2023-11-14 16:04:50] [INFO]    [OmnipathR] Retrieving URL: `https://omnipathdb.org/annotations?resources=PROGENy&license=academic`
[2023-11-14 16:04:50] [TRACE]   [OmnipathR] Attempt 1/3: `https://omnipathdb.org/annotations?resources=PROGENy&license=academic`
[2023-11-14 16:04:59] [INFO]    [OmnipathR] Successfully retrieved: `https://omnipathdb.org/annotations?resources=PROGENy&license=academic`
[2023-11-14 16:04:59] [TRACE]   [OmnipathR] Reading JSON from `/home/kvalem/.cache/OmnipathR/cache.json` (encoding: UTF-8).
[2023-11-14 16:04:59] [TRACE]   [OmnipathR] JSON validation successful: TRUE
[2023-11-14 16:04:59] [TRACE]   [OmnipathR] Reading JSON from `/home/kvalem/.cache/OmnipathR/cache.json` (encoding: UTF-8).
[2023-11-14 16:04:59] [TRACE]   [OmnipathR] JSON validation successful: TRUE
[2023-11-14 16:04:59] [INFO]    [OmnipathR] Cache item `3492392585ba05414edfae46801492076437d7e7` version 1: status changed from `unknown` to `started`.
[2023-11-14 16:04:59] [TRACE]   [OmnipathR] Exporting object to RDS: `/home/kvalem/.cache/OmnipathR/3492392585ba05414edfae46801492076437d7e7-1.rds`.
[2023-11-14 16:05:02] [TRACE]   [OmnipathR] Exported RDS to `/home/kvalem/.cache/OmnipathR/3492392585ba05414edfae46801492076437d7e7-1.rds`.
[2023-11-14 16:05:02] [INFO]    [OmnipathR] Download ready [key=3492392585ba05414edfae46801492076437d7e7, version=1]
[2023-11-14 16:05:02] [TRACE]   [OmnipathR] Reading JSON from `/home/kvalem/.cache/OmnipathR/cache.json` (encoding: UTF-8).
[2023-11-14 16:05:02] [TRACE]   [OmnipathR] JSON validation successful: TRUE
[2023-11-14 16:05:02] [INFO]    [OmnipathR] Cache item `3492392585ba05414edfae46801492076437d7e7` version 1: status changed from `started` to `ready`.
[2023-11-14 16:05:02] [SUCCESS] [OmnipathR] Downloaded 700239 annotation records.
[2023-11-14 19:04:59] [TRACE]   [OmnipathR] Removing database `Ensembl and OMA organism names` (not used in the past 10800 seconds)
[2023-11-16 09:39:23] [INFO]    [OmnipathR] Loading database `Ensembl and OMA organism names`.
[2023-11-16 09:39:23] [INFO]    [OmnipathR] Looking up in cache `https://www.ensembl.org/info/about/species.html`: key=7332486db7400730697234bad76ca0c8e4d00799, latest version=1.
[2023-11-16 09:39:23] [TRACE]   [OmnipathR] Cache file path: /home/kvalem/.cache/OmnipathR/7332486db7400730697234bad76ca0c8e4d00799-1.html
[2023-11-16 09:39:24] [TRACE]   [OmnipathR] Looking up in cache: `https://omabrowser.org/All/oma-species.txt`.
[2023-11-16 09:39:24] [TRACE]   [OmnipathR] Loaded data from RDS `/home/kvalem/.cache/OmnipathR/30e690cbb55dfc63b5903ab337f34ffc2f4be397-1.rds`.
[2023-11-16 09:39:24] [INFO]    [OmnipathR] Loaded database `Ensembl and OMA organism names`.
[2023-11-16 09:39:24] [TRACE]   [OmnipathR] Looking up in cache: `https://omnipathdb.org/interactions?genesymbols=yes&datasets=dorothea&organisms=9606&dorothea_levels=A,B,C,D&fields=evidences,sources,references,curation_effort,dorothea_level&license=academic`
[2023-11-16 09:39:24] [INFO]    [OmnipathR] Cache record does not exist: `https://omnipathdb.org/interactions?genesymbols=yes&datasets=dorothea&organisms=9606&dorothea_levels=A,B,C,D&fields=evidences,sources,references,curation_effort,dorothea_level&license=academic`
[2023-11-16 09:39:24] [TRACE]   [OmnipathR] Looking up in cache: `http://no-tls.omnipathdb.org/interactions?genesymbols=yes&datasets=dorothea&organisms=9606&dorothea_levels=A,B,C,D&fields=evidences,sources,references,curation_effort,dorothea_level&license=academic`
[2023-11-16 09:39:24] [INFO]    [OmnipathR] Cache record does not exist: `http://no-tls.omnipathdb.org/interactions?genesymbols=yes&datasets=dorothea&organisms=9606&dorothea_levels=A,B,C,D&fields=evidences,sources,references,curation_effort,dorothea_level&license=academic`
[2023-11-16 09:39:24] [TRACE]   [OmnipathR] Attempting `https://omnipathdb.org/interactions?genesymbols=yes&datasets=dorothea&organisms=9606&dorothea_levels=A,B,C,D&fields=evidences,sources,references,curation_effort,dorothea_level&license=academic`
[2023-11-16 09:39:24] [INFO]    [OmnipathR] Retrieving URL: `https://omnipathdb.org/interactions?genesymbols=yes&datasets=dorothea&organisms=9606&dorothea_levels=A,B,C,D&fields=evidences,sources,references,curation_effort,dorothea_level&license=academic`
[2023-11-16 09:39:24] [TRACE]   [OmnipathR] Attempt 1/3: `https://omnipathdb.org/interactions?genesymbols=yes&datasets=dorothea&organisms=9606&dorothea_levels=A,B,C,D&fields=evidences,sources,references,curation_effort,dorothea_level&license=academic`
[2023-11-16 09:39:34] [INFO]    [OmnipathR] Successfully retrieved: `https://omnipathdb.org/interactions?genesymbols=yes&datasets=dorothea&organisms=9606&dorothea_levels=A,B,C,D&fields=evidences,sources,references,curation_effort,dorothea_level&license=academic`
[2023-11-16 09:39:34] [TRACE]   [OmnipathR] Reading JSON from `/home/kvalem/.cache/OmnipathR/cache.json` (encoding: UTF-8).
[2023-11-16 09:39:34] [TRACE]   [OmnipathR] JSON validation successful: TRUE
[2023-11-16 09:39:34] [TRACE]   [OmnipathR] Reading JSON from `/home/kvalem/.cache/OmnipathR/cache.json` (encoding: UTF-8).
[2023-11-16 09:39:34] [TRACE]   [OmnipathR] JSON validation successful: TRUE
[2023-11-16 09:39:34] [INFO]    [OmnipathR] Cache item `2acacccd183a8fe4538b649c1e593e2140fcddf6` version 1: status changed from `unknown` to `started`.
[2023-11-16 09:39:34] [TRACE]   [OmnipathR] Exporting object to RDS: `/home/kvalem/.cache/OmnipathR/2acacccd183a8fe4538b649c1e593e2140fcddf6-1.rds`.
[2023-11-16 09:39:37] [TRACE]   [OmnipathR] Exported RDS to `/home/kvalem/.cache/OmnipathR/2acacccd183a8fe4538b649c1e593e2140fcddf6-1.rds`.
[2023-11-16 09:39:37] [INFO]    [OmnipathR] Download ready [key=2acacccd183a8fe4538b649c1e593e2140fcddf6, version=1]
[2023-11-16 09:39:37] [TRACE]   [OmnipathR] Reading JSON from `/home/kvalem/.cache/OmnipathR/cache.json` (encoding: UTF-8).
[2023-11-16 09:39:37] [TRACE]   [OmnipathR] JSON validation successful: TRUE
[2023-11-16 09:39:37] [INFO]    [OmnipathR] Cache item `2acacccd183a8fe4538b649c1e593e2140fcddf6` version 1: status changed from `started` to `ready`.
[2023-11-16 09:39:37] [TRACE]   [OmnipathR] Converting JSON column `evidences` to list.
[2023-11-16 09:40:13] [TRACE]   [OmnipathR] Restricting interaction records to datasets: dorothea; and resources: any
[2023-11-16 09:41:03] [TRACE]   [OmnipathR] Filtering evidence columns: positive, negative, directed, undirected; to datasets: dorothea; and resources: any
[2023-11-16 09:49:48] [TRACE]   [OmnipathR] Looking up in cache: `https://omnipathdb.org/interactions?genesymbols=yes&datasets=dorothea&organisms=9606&dorothea_levels=A,B,C,D&fields=evidences,sources,references,curation_effort,dorothea_level&license=academic`
[2023-11-16 09:49:50] [TRACE]   [OmnipathR] Loaded data from RDS `/home/kvalem/.cache/OmnipathR/2acacccd183a8fe4538b649c1e593e2140fcddf6-1.rds`.
[2023-11-16 09:49:50] [INFO]    [OmnipathR] Loaded from cache: `https://omnipathdb.org/interactions?genesymbols=yes&datasets=dorothea&organisms=9606&dorothea_levels=A,B,C,D&fields=evidences,sources,references,curation_effort,dorothea_level&license=academic`
[2023-11-16 09:49:50] [TRACE]   [OmnipathR] Converting JSON column `evidences` to list.
[2023-11-16 09:50:16] [TRACE]   [OmnipathR] Restricting interaction records to datasets: dorothea; and resources: any
[2023-11-16 09:50:55] [TRACE]   [OmnipathR] Filtering evidence columns: positive, negative, directed, undirected; to datasets: dorothea; and resources: any
[2023-11-16 10:01:14] [SUCCESS] [OmnipathR] Downloaded 278830 interactions.
[2023-11-16 10:06:14] [TRACE]   [OmnipathR] Looking up in cache: `https://omnipathdb.org/interactions?genesymbols=yes&datasets=dorothea&organisms=9606&dorothea_levels=A,B,C,D&fields=evidences,sources,references,curation_effort,dorothea_level&license=academic`
[2023-11-16 10:06:16] [TRACE]   [OmnipathR] Loaded data from RDS `/home/kvalem/.cache/OmnipathR/2acacccd183a8fe4538b649c1e593e2140fcddf6-1.rds`.
[2023-11-16 10:06:16] [INFO]    [OmnipathR] Loaded from cache: `https://omnipathdb.org/interactions?genesymbols=yes&datasets=dorothea&organisms=9606&dorothea_levels=A,B,C,D&fields=evidences,sources,references,curation_effort,dorothea_level&license=academic`
[2023-11-16 10:06:16] [TRACE]   [OmnipathR] Converting JSON column `evidences` to list.
[2023-11-16 13:06:15] [TRACE]   [OmnipathR] Removing database `Ensembl and OMA organism names` (not used in the past 10800 seconds)
[2023-11-16 16:24:54] [INFO]    [OmnipathR] Loading database `Ensembl and OMA organism names`.
[2023-11-16 16:24:54] [INFO]    [OmnipathR] Looking up in cache `https://www.ensembl.org/info/about/species.html`: key=7332486db7400730697234bad76ca0c8e4d00799, latest version=1.
[2023-11-16 16:24:54] [TRACE]   [OmnipathR] Cache file path: /home/kvalem/.cache/OmnipathR/7332486db7400730697234bad76ca0c8e4d00799-1.html
[2023-11-16 16:24:54] [TRACE]   [OmnipathR] Looking up in cache: `https://omabrowser.org/All/oma-species.txt`.
[2023-11-16 16:24:54] [TRACE]   [OmnipathR] Loaded data from RDS `/home/kvalem/.cache/OmnipathR/30e690cbb55dfc63b5903ab337f34ffc2f4be397-1.rds`.
[2023-11-16 16:24:54] [INFO]    [OmnipathR] Loaded database `Ensembl and OMA organism names`.
[2023-11-16 16:24:54] [TRACE]   [OmnipathR] Looking up in cache: `https://omnipathdb.org/interactions?genesymbols=yes&datasets=dorothea&organisms=9606&dorothea_levels=A,B,C,D&fields=evidences,sources,references,curation_effort,dorothea_level&license=academic`
[2023-11-16 16:24:56] [TRACE]   [OmnipathR] Loaded data from RDS `/home/kvalem/.cache/OmnipathR/2acacccd183a8fe4538b649c1e593e2140fcddf6-1.rds`.
[2023-11-16 16:24:56] [INFO]    [OmnipathR] Loaded from cache: `https://omnipathdb.org/interactions?genesymbols=yes&datasets=dorothea&organisms=9606&dorothea_levels=A,B,C,D&fields=evidences,sources,references,curation_effort,dorothea_level&license=academic`
[2023-11-16 16:24:56] [TRACE]   [OmnipathR] Converting JSON column `evidences` to list.
